2025-03-17 11:15:55,807 [DEBUG] Chargement de la configuration - DATABASE_URL: sqlite:///data.db, DEBUG: True
2025-03-17 11:15:55,808 [DEBUG] Valeur de DEBUG après conversion : False
2025-03-17 11:15:55,808 [INFO] Configuration chargée : Config(DATABASE_URL='sqlite:///data.db', DEBUG=True, SECRET_KEY='une_super_cle_secrete')
2025-03-17 11:16:14,326 [DEBUG] Chargement de la configuration - DATABASE_URL: sqlite:///data.db, DEBUG: True
2025-03-17 11:16:14,326 [DEBUG] Valeur de DEBUG après conversion : False
2025-03-17 11:16:14,326 [INFO] Configuration chargée : Config(DATABASE_URL='sqlite:///data.db', DEBUG=True, SECRET_KEY='une_super_cle_secrete')
2025-03-17 11:16:14,671 [INFO] BEGIN (implicit)
2025-03-17 11:16:14,671 [INFO] PRAGMA main.table_info("profile")
2025-03-17 11:16:14,671 [INFO] [raw sql] ()
2025-03-17 11:16:14,672 [INFO] PRAGMA temp.table_info("profile")
2025-03-17 11:16:14,672 [INFO] [raw sql] ()
2025-03-17 11:16:14,673 [INFO] 
CREATE TABLE profile (
	id VARCHAR NOT NULL, 
	name VARCHAR, 
	amount FLOAT, 
	category VARCHAR, 
	PRIMARY KEY (id)
)


2025-03-17 11:16:14,673 [INFO] [no key 0.00026s] ()
2025-03-17 11:16:14,691 [INFO] COMMIT
2025-03-17 11:16:23,016 [DEBUG] Chargement de la configuration - DATABASE_URL: sqlite:///data.db, DEBUG: True
2025-03-17 11:16:23,016 [DEBUG] Valeur de DEBUG après conversion : False
2025-03-17 11:16:23,016 [INFO] Configuration chargée : Config(DATABASE_URL='sqlite:///data.db', DEBUG=True, SECRET_KEY='une_super_cle_secrete')
2025-03-17 11:16:23,050 [DEBUG] Chargement de la configuration - DATABASE_URL: sqlite:///data.db, DEBUG: True
2025-03-17 11:16:23,051 [DEBUG] Valeur de DEBUG après conversion : False
2025-03-17 11:16:23,051 [INFO] Configuration chargée : Config(DATABASE_URL='sqlite:///data.db', DEBUG=True, SECRET_KEY='une_super_cle_secrete')
2025-03-17 11:16:23,368 [INFO] BEGIN (implicit)
2025-03-17 11:16:23,369 [INFO] PRAGMA main.table_info("profile")
2025-03-17 11:16:23,369 [INFO] [raw sql] ()
2025-03-17 11:16:23,371 [INFO] COMMIT
2025-03-17 11:16:30,347 [DEBUG] Chargement de la configuration - DATABASE_URL: sqlite:///data.db, DEBUG: True
2025-03-17 11:16:30,347 [DEBUG] Valeur de DEBUG après conversion : False
2025-03-17 11:16:30,347 [INFO] Configuration chargée : Config(DATABASE_URL='sqlite:///data.db', DEBUG=True, SECRET_KEY='une_super_cle_secrete')
2025-03-17 11:16:30,647 [INFO] BEGIN (implicit)
2025-03-17 11:16:30,647 [INFO] PRAGMA main.table_info("profile")
2025-03-17 11:16:30,648 [INFO] [raw sql] ()
2025-03-17 11:16:30,649 [INFO] COMMIT
2025-03-17 11:16:46,371 [DEBUG] Chargement de la configuration - DATABASE_URL: sqlite:///data.db, DEBUG: True
2025-03-17 11:16:46,371 [DEBUG] Valeur de DEBUG après conversion : False
2025-03-17 11:16:46,371 [INFO] Configuration chargée : Config(DATABASE_URL='sqlite:///data.db', DEBUG=True, SECRET_KEY='une_super_cle_secrete')
2025-03-17 11:16:46,689 [INFO] BEGIN (implicit)
2025-03-17 11:16:46,690 [INFO] PRAGMA main.table_info("profile")
2025-03-17 11:16:46,690 [INFO] [raw sql] ()
2025-03-17 11:16:46,691 [INFO] COMMIT
2025-03-17 11:16:58,198 [DEBUG] Chargement de la configuration - DATABASE_URL: sqlite:///data.db, DEBUG: True
2025-03-17 11:16:58,198 [DEBUG] Valeur de DEBUG après conversion : False
2025-03-17 11:16:58,198 [INFO] Configuration chargée : Config(DATABASE_URL='sqlite:///data.db', DEBUG=True, SECRET_KEY='une_super_cle_secrete')
2025-03-17 11:16:58,521 [INFO] BEGIN (implicit)
2025-03-17 11:16:58,522 [INFO] PRAGMA main.table_info("profile")
2025-03-17 11:16:58,522 [INFO] [raw sql] ()
2025-03-17 11:16:58,522 [INFO] COMMIT
2025-03-17 11:17:20,658 [DEBUG] Chargement de la configuration - DATABASE_URL: sqlite:///data.db, DEBUG: True
2025-03-17 11:17:20,658 [DEBUG] Valeur de DEBUG après conversion : False
2025-03-17 11:17:20,658 [INFO] Configuration chargée : Config(DATABASE_URL='sqlite:///data.db', DEBUG=True, SECRET_KEY='une_super_cle_secrete')
2025-03-17 11:17:20,984 [INFO] BEGIN (implicit)
2025-03-17 11:17:20,984 [INFO] PRAGMA main.table_info("profile")
2025-03-17 11:17:20,984 [INFO] [raw sql] ()
2025-03-17 11:17:20,986 [INFO] COMMIT
2025-03-17 11:17:21,013 [INFO] BEGIN (implicit)
2025-03-17 11:17:21,013 [INFO] PRAGMA main.table_info("profile")
2025-03-17 11:17:21,013 [INFO] [raw sql] ()
2025-03-17 11:17:21,014 [INFO] COMMIT
2025-03-17 11:17:21,223 [INFO] [31m[1mWARNING: This is a development server. Do not use it in a production deployment. Use a production WSGI server instead.[0m
 * Running on http://127.0.0.1:5000
2025-03-17 11:17:21,223 [INFO] [33mPress CTRL+C to quit[0m
2025-03-17 11:17:21,236 [INFO]  * Restarting with stat
2025-03-17 11:17:21,712 [DEBUG] Chargement de la configuration - DATABASE_URL: sqlite:///data.db, DEBUG: True
2025-03-17 11:17:21,712 [DEBUG] Valeur de DEBUG après conversion : False
2025-03-17 11:17:21,712 [INFO] Configuration chargée : Config(DATABASE_URL='sqlite:///data.db', DEBUG=True, SECRET_KEY='une_super_cle_secrete')
2025-03-17 11:17:22,019 [INFO] BEGIN (implicit)
2025-03-17 11:17:22,020 [INFO] PRAGMA main.table_info("profile")
2025-03-17 11:17:22,020 [INFO] [raw sql] ()
2025-03-17 11:17:22,021 [INFO] COMMIT
2025-03-17 11:17:22,047 [INFO] BEGIN (implicit)
2025-03-17 11:17:22,047 [INFO] PRAGMA main.table_info("profile")
2025-03-17 11:17:22,047 [INFO] [raw sql] ()
2025-03-17 11:17:22,048 [INFO] COMMIT
2025-03-17 11:17:22,074 [WARNING]  * Debugger is active!
2025-03-17 11:17:22,096 [INFO]  * Debugger PIN: 660-684-526
2025-03-17 11:17:32,381 [INFO] 127.0.0.1 - - [17/Mar/2025 11:17:32] "GET / HTTP/1.1" 200 -
2025-03-17 11:17:32,581 [INFO] 127.0.0.1 - - [17/Mar/2025 11:17:32] "GET /static/style.css HTTP/1.1" 200 -
2025-03-17 11:17:33,037 [INFO] 127.0.0.1 - - [17/Mar/2025 11:17:33] "[33mGET /favicon.ico HTTP/1.1[0m" 404 -
2025-03-17 11:17:34,246 [INFO] 127.0.0.1 - - [17/Mar/2025 11:17:34] "GET /home HTTP/1.1" 200 -
2025-03-17 11:17:34,288 [INFO] 127.0.0.1 - - [17/Mar/2025 11:17:34] "[36mGET /static/style.css HTTP/1.1[0m" 304 -
2025-03-17 11:17:42,593 [INFO] BEGIN (implicit)
2025-03-17 11:17:42,594 [INFO] INSERT INTO profile (id, name, amount, category) VALUES (?, ?, ?, ?)
2025-03-17 11:17:42,594 [INFO] [generated in 0.00104s] ('c1790b4b1c994ebfbc3b6673d5a30b7d', 'robba', 89.0, 'chiant')
2025-03-17 11:17:42,597 [INFO] COMMIT
2025-03-17 11:17:42,603 [INFO] 127.0.0.1 - - [17/Mar/2025 11:17:42] "[32mPOST /add_entry HTTP/1.1[0m" 302 -
2025-03-17 11:17:42,611 [INFO] 127.0.0.1 - - [17/Mar/2025 11:17:42] "GET / HTTP/1.1" 200 -
2025-03-17 11:17:42,647 [INFO] 127.0.0.1 - - [17/Mar/2025 11:17:42] "[36mGET /static/style.css HTTP/1.1[0m" 304 -
2025-03-17 11:17:57,284 [INFO] 127.0.0.1 - - [17/Mar/2025 11:17:57] "GET /update HTTP/1.1" 200 -
2025-03-17 11:17:57,316 [INFO] 127.0.0.1 - - [17/Mar/2025 11:17:57] "[36mGET /static/style.css HTTP/1.1[0m" 304 -
2025-03-17 11:18:04,615 [INFO] BEGIN (implicit)
2025-03-17 11:18:04,615 [INFO] SELECT profile.id, profile.name, profile.amount, profile.category 
FROM profile 
WHERE profile.id = ?
2025-03-17 11:18:04,617 [INFO] [generated in 0.00211s] ('c1790b4b1c994ebfbc3b6673d5a30b7d',)
2025-03-17 11:18:04,618 [INFO] ROLLBACK
2025-03-17 11:18:04,623 [INFO] BEGIN (implicit)
2025-03-17 11:18:04,623 [INFO] UPDATE profile SET name=?, amount=?, category=? WHERE profile.id = ?
2025-03-17 11:18:04,623 [INFO] [generated in 0.00118s] ('martel', 89.0, 'bogoss', 'c1790b4b1c994ebfbc3b6673d5a30b7d')
2025-03-17 11:18:04,626 [INFO] COMMIT
2025-03-17 11:18:04,634 [INFO] 127.0.0.1 - - [17/Mar/2025 11:18:04] "[32mPOST /update HTTP/1.1[0m" 302 -
2025-03-17 11:18:04,643 [INFO] 127.0.0.1 - - [17/Mar/2025 11:18:04] "GET / HTTP/1.1" 200 -
2025-03-17 11:18:04,685 [INFO] 127.0.0.1 - - [17/Mar/2025 11:18:04] "[36mGET /static/style.css HTTP/1.1[0m" 304 -
2025-03-17 11:18:12,182 [INFO] BEGIN (implicit)
2025-03-17 11:18:12,182 [INFO] SELECT profile.id, profile.name, profile.amount, profile.category 
FROM profile
2025-03-17 11:18:12,182 [INFO] [generated in 0.00059s] ()
2025-03-17 11:18:12,183 [INFO] ROLLBACK
2025-03-17 11:18:12,184 [INFO] 127.0.0.1 - - [17/Mar/2025 11:18:12] "GET /export_csv HTTP/1.1" 200 -
2025-03-17 11:18:13,687 [INFO] 127.0.0.1 - - [17/Mar/2025 11:18:13] "GET /import_csv HTTP/1.1" 200 -
2025-03-17 11:18:13,721 [INFO] 127.0.0.1 - - [17/Mar/2025 11:18:13] "[36mGET /static/style.css HTTP/1.1[0m" 304 -
2025-03-17 11:18:19,015 [INFO] BEGIN (implicit)
2025-03-17 11:18:19,015 [INFO] INSERT INTO profile (id, name, amount, category) VALUES (?, ?, ?, ?)
2025-03-17 11:18:19,016 [INFO] [cached since 36.42s ago] ('f1b04410915244ebb230db88d2b3e1dc', 'martel', 89.0, 'bogoss')
2025-03-17 11:18:19,017 [INFO] COMMIT
2025-03-17 11:18:19,050 [INFO] 127.0.0.1 - - [17/Mar/2025 11:18:19] "POST /import_csv HTTP/1.1" 200 -
2025-03-17 11:18:19,077 [INFO] 127.0.0.1 - - [17/Mar/2025 11:18:19] "[36mGET /static/style.css HTTP/1.1[0m" 304 -
2025-03-17 11:18:25,770 [INFO] 127.0.0.1 - - [17/Mar/2025 11:18:25] "GET /delete HTTP/1.1" 200 -
2025-03-17 11:18:25,797 [INFO] 127.0.0.1 - - [17/Mar/2025 11:18:25] "[36mGET /static/style.css HTTP/1.1[0m" 304 -
2025-03-17 11:18:27,822 [INFO] BEGIN (implicit)
2025-03-17 11:18:27,826 [INFO] DELETE FROM profile WHERE profile.id = ?
2025-03-17 11:18:27,827 [INFO] [generated in 0.00584s] ('f1b04410915244ebb230db88d2b3e1dc',)
2025-03-17 11:18:27,844 [INFO] COMMIT
2025-03-17 11:18:27,850 [INFO] 127.0.0.1 - - [17/Mar/2025 11:18:27] "[32mPOST /delete HTTP/1.1[0m" 302 -
2025-03-17 11:18:27,862 [INFO] 127.0.0.1 - - [17/Mar/2025 11:18:27] "GET / HTTP/1.1" 200 -
2025-03-17 11:18:27,892 [INFO] 127.0.0.1 - - [17/Mar/2025 11:18:27] "[36mGET /static/style.css HTTP/1.1[0m" 304 -
2025-03-17 11:21:13,172 [DEBUG] Chargement de la configuration - DATABASE_URL: sqlite:///data.db, DEBUG: True
2025-03-17 11:21:13,173 [DEBUG] Valeur de DEBUG après conversion : False
2025-03-17 11:21:13,173 [INFO] Configuration chargée : Config(DATABASE_URL='sqlite:///data.db', DEBUG=True, SECRET_KEY='une_super_cle_secrete')
2025-03-17 11:21:13,471 [INFO] BEGIN (implicit)
2025-03-17 11:21:13,472 [INFO] PRAGMA main.table_info("profile")
2025-03-17 11:21:13,472 [INFO] [raw sql] ()
2025-03-17 11:21:13,473 [INFO] COMMIT
2025-03-17 11:21:13,498 [INFO] BEGIN (implicit)
2025-03-17 11:21:13,498 [INFO] PRAGMA main.table_info("profile")
2025-03-17 11:21:13,498 [INFO] [raw sql] ()
2025-03-17 11:21:13,499 [INFO] COMMIT
2025-03-17 11:21:13,539 [INFO] [31m[1mWARNING: This is a development server. Do not use it in a production deployment. Use a production WSGI server instead.[0m
 * Running on http://127.0.0.1:5000
2025-03-17 11:21:13,540 [INFO] [33mPress CTRL+C to quit[0m
2025-03-17 11:21:13,542 [INFO]  * Restarting with stat
2025-03-17 11:21:14,009 [DEBUG] Chargement de la configuration - DATABASE_URL: sqlite:///data.db, DEBUG: True
2025-03-17 11:21:14,009 [DEBUG] Valeur de DEBUG après conversion : False
2025-03-17 11:21:14,009 [INFO] Configuration chargée : Config(DATABASE_URL='sqlite:///data.db', DEBUG=True, SECRET_KEY='une_super_cle_secrete')
2025-03-17 11:21:14,324 [INFO] BEGIN (implicit)
2025-03-17 11:21:14,324 [INFO] PRAGMA main.table_info("profile")
2025-03-17 11:21:14,325 [INFO] [raw sql] ()
2025-03-17 11:21:14,326 [INFO] COMMIT
2025-03-17 11:21:14,355 [INFO] BEGIN (implicit)
2025-03-17 11:21:14,355 [INFO] PRAGMA main.table_info("profile")
2025-03-17 11:21:14,355 [INFO] [raw sql] ()
2025-03-17 11:21:14,356 [INFO] COMMIT
2025-03-17 11:21:14,385 [WARNING]  * Debugger is active!
2025-03-17 11:21:14,396 [INFO]  * Debugger PIN: 660-684-526
2025-03-17 11:22:38,055 [DEBUG] Chargement de la configuration - DATABASE_URL: sqlite:///data.db, DEBUG: True
2025-03-17 11:22:38,057 [DEBUG] Valeur de DEBUG après conversion : False
2025-03-17 11:22:38,057 [INFO] Configuration chargée : Config(DATABASE_URL='sqlite:///data.db', DEBUG=True, SECRET_KEY='une_super_cle_secrete')
2025-03-17 11:22:38,343 [INFO] BEGIN (implicit)
2025-03-17 11:22:38,343 [INFO] PRAGMA main.table_info("profile")
2025-03-17 11:22:38,343 [INFO] [raw sql] ()
2025-03-17 11:22:38,344 [INFO] COMMIT
2025-03-17 11:22:38,370 [INFO] BEGIN (implicit)
2025-03-17 11:22:38,370 [INFO] PRAGMA main.table_info("profile")
2025-03-17 11:22:38,370 [INFO] [raw sql] ()
2025-03-17 11:22:38,370 [INFO] COMMIT
2025-03-17 11:22:38,406 [INFO] [31m[1mWARNING: This is a development server. Do not use it in a production deployment. Use a production WSGI server instead.[0m
 * Running on http://127.0.0.1:5000
2025-03-17 11:22:38,406 [INFO] [33mPress CTRL+C to quit[0m
2025-03-17 11:22:38,408 [INFO]  * Restarting with stat
2025-03-17 11:22:38,874 [DEBUG] Chargement de la configuration - DATABASE_URL: sqlite:///data.db, DEBUG: True
2025-03-17 11:22:38,874 [DEBUG] Valeur de DEBUG après conversion : False
2025-03-17 11:22:38,874 [INFO] Configuration chargée : Config(DATABASE_URL='sqlite:///data.db', DEBUG=True, SECRET_KEY='une_super_cle_secrete')
2025-03-17 11:22:39,261 [INFO] BEGIN (implicit)
2025-03-17 11:22:39,261 [INFO] PRAGMA main.table_info("profile")
2025-03-17 11:22:39,263 [INFO] [raw sql] ()
2025-03-17 11:22:39,264 [INFO] COMMIT
2025-03-17 11:22:39,289 [INFO] BEGIN (implicit)
2025-03-17 11:22:39,289 [INFO] PRAGMA main.table_info("profile")
2025-03-17 11:22:39,289 [INFO] [raw sql] ()
2025-03-17 11:22:39,290 [INFO] COMMIT
2025-03-17 11:22:39,317 [WARNING]  * Debugger is active!
2025-03-17 11:22:39,328 [INFO]  * Debugger PIN: 660-684-526
2025-03-17 11:23:50,925 [DEBUG] Chargement de la configuration - DATABASE_URL: sqlite:///data.db, DEBUG: True
2025-03-17 11:23:50,925 [DEBUG] Valeur de DEBUG après conversion : False
2025-03-17 11:23:50,925 [INFO] Configuration chargée : Config(DATABASE_URL='sqlite:///data.db', DEBUG=True, SECRET_KEY='une_super_cle_secrete')
2025-03-17 11:23:51,224 [INFO] BEGIN (implicit)
2025-03-17 11:23:51,224 [INFO] PRAGMA main.table_info("profile")
2025-03-17 11:23:51,225 [INFO] [raw sql] ()
2025-03-17 11:23:51,226 [INFO] COMMIT
2025-03-17 11:23:51,252 [INFO] BEGIN (implicit)
2025-03-17 11:23:51,253 [INFO] PRAGMA main.table_info("profile")
2025-03-17 11:23:51,253 [INFO] [raw sql] ()
2025-03-17 11:23:51,254 [INFO] COMMIT
2025-03-17 11:23:51,291 [INFO] [31m[1mWARNING: This is a development server. Do not use it in a production deployment. Use a production WSGI server instead.[0m
 * Running on http://127.0.0.1:5000
2025-03-17 11:23:51,292 [INFO] [33mPress CTRL+C to quit[0m
2025-03-17 11:23:51,294 [INFO]  * Restarting with stat
2025-03-17 11:23:51,760 [DEBUG] Chargement de la configuration - DATABASE_URL: sqlite:///data.db, DEBUG: True
2025-03-17 11:23:51,760 [DEBUG] Valeur de DEBUG après conversion : False
2025-03-17 11:23:51,760 [INFO] Configuration chargée : Config(DATABASE_URL='sqlite:///data.db', DEBUG=True, SECRET_KEY='une_super_cle_secrete')
2025-03-17 11:23:52,055 [INFO] BEGIN (implicit)
2025-03-17 11:23:52,055 [INFO] PRAGMA main.table_info("profile")
2025-03-17 11:23:52,055 [INFO] [raw sql] ()
2025-03-17 11:23:52,056 [INFO] COMMIT
2025-03-17 11:23:52,081 [INFO] BEGIN (implicit)
2025-03-17 11:23:52,082 [INFO] PRAGMA main.table_info("profile")
2025-03-17 11:23:52,082 [INFO] [raw sql] ()
2025-03-17 11:23:52,083 [INFO] COMMIT
2025-03-17 11:23:52,115 [WARNING]  * Debugger is active!
2025-03-17 11:23:52,123 [INFO]  * Debugger PIN: 660-684-526
2025-03-17 11:24:23,588 [DEBUG] Chargement de la configuration - DATABASE_URL: sqlite:///data.db, DEBUG: True
2025-03-17 11:24:23,588 [DEBUG] Valeur de DEBUG après conversion : False
2025-03-17 11:24:23,588 [INFO] Configuration chargée : Config(DATABASE_URL='sqlite:///data.db', DEBUG=True, SECRET_KEY='une_super_cle_secrete')
2025-03-17 11:24:23,883 [INFO] BEGIN (implicit)
2025-03-17 11:24:23,884 [INFO] PRAGMA main.table_info("profile")
2025-03-17 11:24:23,884 [INFO] [raw sql] ()
2025-03-17 11:24:23,885 [INFO] COMMIT
2025-03-17 11:24:23,913 [INFO] BEGIN (implicit)
2025-03-17 11:24:23,913 [INFO] PRAGMA main.table_info("profile")
2025-03-17 11:24:23,914 [INFO] [raw sql] ()
2025-03-17 11:24:23,914 [INFO] COMMIT
2025-03-17 11:24:23,959 [INFO] [31m[1mWARNING: This is a development server. Do not use it in a production deployment. Use a production WSGI server instead.[0m
 * Running on http://127.0.0.1:5000
2025-03-17 11:24:23,959 [INFO] [33mPress CTRL+C to quit[0m
2025-03-17 11:24:23,961 [INFO]  * Restarting with stat
2025-03-17 11:24:24,438 [DEBUG] Chargement de la configuration - DATABASE_URL: sqlite:///data.db, DEBUG: True
2025-03-17 11:24:24,438 [DEBUG] Valeur de DEBUG après conversion : False
2025-03-17 11:24:24,438 [INFO] Configuration chargée : Config(DATABASE_URL='sqlite:///data.db', DEBUG=True, SECRET_KEY='une_super_cle_secrete')
2025-03-17 11:24:24,722 [INFO] BEGIN (implicit)
2025-03-17 11:24:24,723 [INFO] PRAGMA main.table_info("profile")
2025-03-17 11:24:24,723 [INFO] [raw sql] ()
2025-03-17 11:24:24,724 [INFO] COMMIT
2025-03-17 11:24:24,749 [INFO] BEGIN (implicit)
2025-03-17 11:24:24,749 [INFO] PRAGMA main.table_info("profile")
2025-03-17 11:24:24,749 [INFO] [raw sql] ()
2025-03-17 11:24:24,750 [INFO] COMMIT
2025-03-17 11:24:24,775 [WARNING]  * Debugger is active!
2025-03-17 11:24:24,783 [INFO]  * Debugger PIN: 660-684-526
2025-03-17 11:24:28,773 [INFO] 127.0.0.1 - - [17/Mar/2025 11:24:28] "GET / HTTP/1.1" 200 -
2025-03-17 11:24:28,906 [INFO] 127.0.0.1 - - [17/Mar/2025 11:24:28] "[36mGET /static/style.css HTTP/1.1[0m" 304 -
2025-03-17 11:24:29,959 [INFO] 127.0.0.1 - - [17/Mar/2025 11:24:29] "GET /home HTTP/1.1" 200 -
2025-03-17 11:24:29,986 [INFO] 127.0.0.1 - - [17/Mar/2025 11:24:29] "[36mGET /static/style.css HTTP/1.1[0m" 304 -
2025-03-17 11:24:34,450 [INFO] BEGIN (implicit)
2025-03-17 11:24:34,450 [INFO] INSERT INTO profile (id, name, amount, category) VALUES (?, ?, ?, ?)
2025-03-17 11:24:34,451 [INFO] [generated in 0.00179s] ('892aad72cc5b4e66bd445ad85fd4eb91', 'qualité_dev', 5.0, '')
2025-03-17 11:24:34,455 [INFO] COMMIT
2025-03-17 11:24:34,463 [INFO] 127.0.0.1 - - [17/Mar/2025 11:24:34] "[32mPOST /add_entry HTTP/1.1[0m" 302 -
2025-03-17 11:24:34,471 [INFO] 127.0.0.1 - - [17/Mar/2025 11:24:34] "GET / HTTP/1.1" 200 -
2025-03-17 11:24:34,502 [INFO] 127.0.0.1 - - [17/Mar/2025 11:24:34] "[36mGET /static/style.css HTTP/1.1[0m" 304 -
2025-03-17 11:42:37,773 [DEBUG] Chargement de la configuration - DATABASE_URL: sqlite:///data.db, DEBUG: True
2025-03-17 11:42:37,774 [DEBUG] Valeur de DEBUG après conversion : False
2025-03-17 11:42:37,774 [INFO] Configuration chargée : Config(DATABASE_URL='sqlite:///data.db', DEBUG=True, SECRET_KEY='une_super_cle_secrete')
2025-03-17 11:42:38,170 [INFO] BEGIN (implicit)
2025-03-17 11:42:38,171 [INFO] PRAGMA main.table_info("profile")
2025-03-17 11:42:38,171 [INFO] [raw sql] ()
2025-03-17 11:42:38,172 [INFO] COMMIT
2025-03-17 11:42:38,213 [INFO] BEGIN (implicit)
2025-03-17 11:42:38,214 [INFO] PRAGMA main.table_info("profile")
2025-03-17 11:42:38,214 [INFO] [raw sql] ()
2025-03-17 11:42:38,215 [INFO] COMMIT
2025-03-17 11:42:38,272 [INFO] [31m[1mWARNING: This is a development server. Do not use it in a production deployment. Use a production WSGI server instead.[0m
 * Running on http://127.0.0.1:5000
2025-03-17 11:42:38,273 [INFO] [33mPress CTRL+C to quit[0m
2025-03-17 11:42:38,275 [INFO]  * Restarting with stat
2025-03-17 11:42:38,743 [DEBUG] Chargement de la configuration - DATABASE_URL: sqlite:///data.db, DEBUG: True
2025-03-17 11:42:38,743 [DEBUG] Valeur de DEBUG après conversion : False
2025-03-17 11:42:38,743 [INFO] Configuration chargée : Config(DATABASE_URL='sqlite:///data.db', DEBUG=True, SECRET_KEY='une_super_cle_secrete')
2025-03-17 11:42:39,041 [INFO] BEGIN (implicit)
2025-03-17 11:42:39,041 [INFO] PRAGMA main.table_info("profile")
2025-03-17 11:42:39,042 [INFO] [raw sql] ()
2025-03-17 11:42:39,043 [INFO] COMMIT
2025-03-17 11:42:39,070 [INFO] BEGIN (implicit)
2025-03-17 11:42:39,070 [INFO] PRAGMA main.table_info("profile")
2025-03-17 11:42:39,070 [INFO] [raw sql] ()
2025-03-17 11:42:39,072 [INFO] COMMIT
2025-03-17 11:42:39,098 [WARNING]  * Debugger is active!
2025-03-17 11:42:39,112 [INFO]  * Debugger PIN: 660-684-526
2025-03-17 11:42:42,944 [INFO] 127.0.0.1 - - [17/Mar/2025 11:42:42] "GET / HTTP/1.1" 200 -
2025-03-17 11:42:43,076 [INFO] 127.0.0.1 - - [17/Mar/2025 11:42:43] "[36mGET /static/style.css HTTP/1.1[0m" 304 -
2025-03-17 11:42:43,793 [INFO] 127.0.0.1 - - [17/Mar/2025 11:42:43] "GET /home HTTP/1.1" 200 -
2025-03-17 11:42:43,822 [INFO] 127.0.0.1 - - [17/Mar/2025 11:42:43] "[36mGET /static/style.css HTTP/1.1[0m" 304 -
2025-03-17 11:42:48,297 [INFO] BEGIN (implicit)
2025-03-17 11:42:48,298 [INFO] INSERT INTO profile (id, name, amount, category) VALUES (?, ?, ?, ?)
2025-03-17 11:42:48,300 [INFO] [generated in 0.00188s] ('c7c3f8f695bf4613837296cf83ccdf34', 'error', 4.0, '')
2025-03-17 11:42:48,303 [INFO] COMMIT
2025-03-17 11:42:48,312 [INFO] 127.0.0.1 - - [17/Mar/2025 11:42:48] "[32mPOST /add_entry HTTP/1.1[0m" 302 -
2025-03-17 11:42:48,318 [INFO] 127.0.0.1 - - [17/Mar/2025 11:42:48] "GET / HTTP/1.1" 200 -
2025-03-17 11:42:48,357 [INFO] 127.0.0.1 - - [17/Mar/2025 11:42:48] "[36mGET /static/style.css HTTP/1.1[0m" 304 -
